<?xml version="1.0" encoding="UTF-8"?>
<!-- Generated by org.testng.reporters.JUnitXMLReporter -->
<testsuite hostname="EN510075" ignored="1" name="Regression1" tests="5" failures="0" timestamp="01 Apr 2018 18:10:21 GMT" time="8.042" errors="0">
  <testcase name="AddAndDeleteplace" time="4.311" classname="com.testing.api.AddDeletePlaceTest"/>
  <testcase name="testGetGooglePlacesMissingParam" time="0.69" classname="com.testing.api.SearchPlaceTest"/>
  <testcase name="testGetGooglePlacesNotFound" time="0.941" classname="com.testing.api.SearchPlaceTest"/>
  <testcase name="testGetGooglePlacesValid" time="1.112" classname="com.testing.api.SearchPlaceTest"/>
  <testcase name="testStaticMapMissingParameters" time="0.702" classname="com.testing.api.SearchPlaceTest"/>
  <testcase name="@BeforeTest getData" time="0.0" classname="com.testing.api.BaseTest">
    <ignored/>
  </testcase> <!-- @BeforeTest getData -->
</testsuite> <!-- Regression1 -->
