<?xml version="1.0" encoding="UTF-8"?>
<testsuite xmlns:xsi="http://www.w3.org/2001/XMLSchema-instance" xsi:noNamespaceSchemaLocation="https://maven.apache.org/surefire/maven-surefire-plugin/xsd/surefire-test-report.xsd" name="TestSuite" time="9.106" tests="5" errors="0" skipped="0" failures="0">
  <properties>
[...]
</properties>
  <testcase name="AddAndDeleteplace" classname="com.testing.api.AddDeletePlaceTest" time="4.314"/>
  <testcase name="testGetGooglePlacesMissingParam" classname="com.testing.api.SearchPlaceTest" time="0.69"/>
  <testcase name="testGetGooglePlacesNotFound" classname="com.testing.api.SearchPlaceTest" time="0.942"/>
  <testcase name="testGetGooglePlacesValid" classname="com.testing.api.SearchPlaceTest" time="1.112"/>
  <testcase name="testStaticMapMissingParameters" classname="com.testing.api.SearchPlaceTest" time="0.702"/>
</testsuite>